[0.027s] Invoking command in '/home/mike/dev_ws/src/my_package/build/my_package': CMAKE_PREFIX_PATH=/opt/ros/iron /usr/bin/cmake /home/mike/dev_ws/src/my_package -DAMENT_CMAKE_SYMLINK_INSTALL=1 -DCMAKE_INSTALL_PREFIX=/home/mike/dev_ws/src/my_package/install/my_package
[0.133s] -- The C compiler identification is GNU 11.4.0
[0.210s] -- The CXX compiler identification is GNU 11.4.0
[0.215s] -- Detecting C compiler ABI info
[0.280s] -- Detecting C compiler ABI info - done
[0.285s] -- Check for working C compiler: /usr/bin/cc - skipped
[0.286s] -- Detecting C compile features
[0.286s] -- Detecting C compile features - done
[0.289s] -- Detecting CXX compiler ABI info
[0.361s] -- Detecting CXX compiler ABI info - done
[0.365s] -- Check for working CXX compiler: /usr/bin/c++ - skipped
[0.365s] -- Detecting CXX compile features
[0.365s] -- Detecting CXX compile features - done
[0.368s] -- Found ament_cmake: 2.0.3 (/opt/ros/iron/share/ament_cmake/cmake)
[0.476s] -- Found Python3: /usr/bin/python3.10 (found version "3.10.12") found components: Interpreter 
[0.509s] -- Override CMake install command with custom implementation using symlinks instead of copying resources
[0.524s] -- Found ament_lint_auto: 0.14.2 (/opt/ros/iron/share/ament_lint_auto/cmake)
[0.572s] -- Added test 'cppcheck' to perform static code analysis on C / C++ code
[0.572s] -- Configured cppcheck include dirs: 
[0.572s] -- Configured cppcheck exclude dirs and/or files: 
[0.573s] -- Added test 'flake8' to check Python code syntax and style conventions
[0.573s] -- Configured 'flake8' exclude dirs and/or files: 
[0.574s] -- Added test 'lint_cmake' to check CMake code style
[0.574s] -- Added test 'pep257' to check Python code against some of the docstring style conventions in PEP 257
[0.577s] -- Added test 'uncrustify' to check C / C++ code style
[0.577s] -- Configured uncrustify additional arguments: 
[0.577s] -- Added test 'xmllint' to check XML markup files
[0.578s] -- Configuring done
[0.579s] -- Generating done
[0.580s] -- Build files have been written to: /home/mike/dev_ws/src/my_package/build/my_package
[0.583s] Invoked command in '/home/mike/dev_ws/src/my_package/build/my_package' returned '0': CMAKE_PREFIX_PATH=/opt/ros/iron /usr/bin/cmake /home/mike/dev_ws/src/my_package -DAMENT_CMAKE_SYMLINK_INSTALL=1 -DCMAKE_INSTALL_PREFIX=/home/mike/dev_ws/src/my_package/install/my_package
[0.584s] Invoking command in '/home/mike/dev_ws/src/my_package/build/my_package': CMAKE_PREFIX_PATH=/opt/ros/iron /usr/bin/cmake --build /home/mike/dev_ws/src/my_package/build/my_package -- -j24 -l24
[0.604s] Invoked command in '/home/mike/dev_ws/src/my_package/build/my_package' returned '0': CMAKE_PREFIX_PATH=/opt/ros/iron /usr/bin/cmake --build /home/mike/dev_ws/src/my_package/build/my_package -- -j24 -l24
[0.630s] Invoking command in '/home/mike/dev_ws/src/my_package/build/my_package': CMAKE_PREFIX_PATH=/opt/ros/iron /usr/bin/cmake --install /home/mike/dev_ws/src/my_package/build/my_package
[0.637s] -- Install configuration: ""
[0.637s] -- Execute custom install script
[0.638s] -- Symlinking: /home/mike/dev_ws/src/my_package/install/my_package/share/my_package/launch/listener.launch.py
[0.645s] -- Symlinking: /home/mike/dev_ws/src/my_package/install/my_package/share/my_package/launch/talker.launch.py
[0.652s] -- Symlinking: /home/mike/dev_ws/src/my_package/install/my_package/share/ament_index/resource_index/package_run_dependencies/my_package
[0.660s] -- Symlinking: /home/mike/dev_ws/src/my_package/install/my_package/share/ament_index/resource_index/parent_prefix_path/my_package
[0.667s] -- Symlinking: /home/mike/dev_ws/src/my_package/install/my_package/share/my_package/environment/ament_prefix_path.sh
[0.674s] -- Symlinking: /home/mike/dev_ws/src/my_package/install/my_package/share/my_package/environment/ament_prefix_path.dsv
[0.681s] -- Symlinking: /home/mike/dev_ws/src/my_package/install/my_package/share/my_package/environment/path.sh
[0.686s] -- Symlinking: /home/mike/dev_ws/src/my_package/install/my_package/share/my_package/environment/path.dsv
[0.691s] -- Symlinking: /home/mike/dev_ws/src/my_package/install/my_package/share/my_package/local_setup.bash
[0.697s] -- Symlinking: /home/mike/dev_ws/src/my_package/install/my_package/share/my_package/local_setup.sh
[0.701s] -- Symlinking: /home/mike/dev_ws/src/my_package/install/my_package/share/my_package/local_setup.zsh
[0.707s] -- Symlinking: /home/mike/dev_ws/src/my_package/install/my_package/share/my_package/local_setup.dsv
[0.711s] -- Symlinking: /home/mike/dev_ws/src/my_package/install/my_package/share/my_package/package.dsv
[0.717s] -- Symlinking: /home/mike/dev_ws/src/my_package/install/my_package/share/ament_index/resource_index/packages/my_package
[0.721s] -- Symlinking: /home/mike/dev_ws/src/my_package/install/my_package/share/my_package/cmake/my_packageConfig.cmake
[0.728s] -- Symlinking: /home/mike/dev_ws/src/my_package/install/my_package/share/my_package/cmake/my_packageConfig-version.cmake
[0.734s] -- Symlinking: /home/mike/dev_ws/src/my_package/install/my_package/share/my_package/package.xml
[0.742s] Invoked command in '/home/mike/dev_ws/src/my_package/build/my_package' returned '0': CMAKE_PREFIX_PATH=/opt/ros/iron /usr/bin/cmake --install /home/mike/dev_ws/src/my_package/build/my_package
