[0.027s] Invoking command in '/home/mike/dev_ws/src/my_package/build/my_package': CMAKE_PREFIX_PATH=${CMAKE_PREFIX_PATH}:/opt/ros/iron /usr/bin/cmake --build /home/mike/dev_ws/src/my_package/build/my_package -- -j24 -l24
[0.047s] Invoked command in '/home/mike/dev_ws/src/my_package/build/my_package' returned '0': CMAKE_PREFIX_PATH=${CMAKE_PREFIX_PATH}:/opt/ros/iron /usr/bin/cmake --build /home/mike/dev_ws/src/my_package/build/my_package -- -j24 -l24
[0.075s] Invoking command in '/home/mike/dev_ws/src/my_package/build/my_package': CMAKE_PREFIX_PATH=${CMAKE_PREFIX_PATH}:/opt/ros/iron /usr/bin/cmake --install /home/mike/dev_ws/src/my_package/build/my_package
[0.082s] -- Install configuration: ""
[0.082s] -- Execute custom install script
[0.082s] -- Up-to-date symlink: /home/mike/dev_ws/src/my_package/install/my_package/share/my_package/launch/listener.launch.py
[0.082s] -- Up-to-date symlink: /home/mike/dev_ws/src/my_package/install/my_package/share/my_package/launch/talker.launch.py
[0.082s] -- Up-to-date symlink: /home/mike/dev_ws/src/my_package/install/my_package/share/ament_index/resource_index/package_run_dependencies/my_package
[0.082s] -- Up-to-date symlink: /home/mike/dev_ws/src/my_package/install/my_package/share/ament_index/resource_index/parent_prefix_path/my_package
[0.082s] -- Up-to-date symlink: /home/mike/dev_ws/src/my_package/install/my_package/share/my_package/environment/ament_prefix_path.sh
[0.083s] -- Up-to-date symlink: /home/mike/dev_ws/src/my_package/install/my_package/share/my_package/environment/ament_prefix_path.dsv
[0.083s] -- Up-to-date symlink: /home/mike/dev_ws/src/my_package/install/my_package/share/my_package/environment/path.sh
[0.083s] -- Up-to-date symlink: /home/mike/dev_ws/src/my_package/install/my_package/share/my_package/environment/path.dsv
[0.083s] -- Up-to-date symlink: /home/mike/dev_ws/src/my_package/install/my_package/share/my_package/local_setup.bash
[0.083s] -- Up-to-date symlink: /home/mike/dev_ws/src/my_package/install/my_package/share/my_package/local_setup.sh
[0.083s] -- Up-to-date symlink: /home/mike/dev_ws/src/my_package/install/my_package/share/my_package/local_setup.zsh
[0.083s] -- Up-to-date symlink: /home/mike/dev_ws/src/my_package/install/my_package/share/my_package/local_setup.dsv
[0.083s] -- Symlinking: /home/mike/dev_ws/src/my_package/install/my_package/share/my_package/package.dsv
[0.089s] -- Up-to-date symlink: /home/mike/dev_ws/src/my_package/install/my_package/share/ament_index/resource_index/packages/my_package
[0.089s] -- Up-to-date symlink: /home/mike/dev_ws/src/my_package/install/my_package/share/my_package/cmake/my_packageConfig.cmake
[0.089s] -- Up-to-date symlink: /home/mike/dev_ws/src/my_package/install/my_package/share/my_package/cmake/my_packageConfig-version.cmake
[0.089s] -- Up-to-date symlink: /home/mike/dev_ws/src/my_package/install/my_package/share/my_package/package.xml
[0.091s] Invoked command in '/home/mike/dev_ws/src/my_package/build/my_package' returned '0': CMAKE_PREFIX_PATH=${CMAKE_PREFIX_PATH}:/opt/ros/iron /usr/bin/cmake --install /home/mike/dev_ws/src/my_package/build/my_package
