[0.509s] DEBUG:colcon:Command line arguments: ['/usr/bin/colcon', 'build', '--symlink-install']
[0.509s] DEBUG:colcon:Parsed command line arguments: Namespace(log_base=None, log_level=None, verb_name='build', build_base='build', install_base='install', merge_install=False, symlink_install=True, test_result_base=None, continue_on_error=False, executor='parallel', parallel_workers=24, event_handlers=None, ignore_user_meta=False, metas=['./colcon.meta'], base_paths=['.'], packages_ignore=None, packages_ignore_regex=None, paths=None, packages_up_to=None, packages_up_to_regex=None, packages_above=None, packages_above_and_dependencies=None, packages_above_depth=None, packages_select_by_dep=None, packages_skip_by_dep=None, packages_skip_up_to=None, packages_select_build_failed=False, packages_skip_build_finished=False, packages_select_test_failures=False, packages_skip_test_passed=False, packages_select=None, packages_skip=None, packages_select_regex=None, packages_skip_regex=None, packages_start=None, packages_end=None, allow_overriding=[], cmake_args=None, cmake_target=None, cmake_target_skip_unavailable=False, cmake_clean_cache=False, cmake_clean_first=False, cmake_force_configure=False, ament_cmake_args=None, catkin_cmake_args=None, catkin_skip_building_tests=False, verb_parser=<colcon_defaults.argument_parser.defaults.DefaultArgumentsDecorator object at 0x7fe16847e3b0>, verb_extension=<colcon_core.verb.build.BuildVerb object at 0x7fe16847c6a0>, main=<bound method BuildVerb.main of <colcon_core.verb.build.BuildVerb object at 0x7fe16847c6a0>>)
[0.538s] Level 1:colcon.colcon_core.package_discovery:discover_packages(colcon_meta) check parameters
[0.538s] Level 1:colcon.colcon_core.package_discovery:discover_packages(recursive) check parameters
[0.538s] Level 1:colcon.colcon_core.package_discovery:discover_packages(ignore) check parameters
[0.538s] Level 1:colcon.colcon_core.package_discovery:discover_packages(path) check parameters
[0.538s] Level 1:colcon.colcon_core.package_discovery:discover_packages(colcon_meta) discover
[0.539s] Level 1:colcon.colcon_core.package_discovery:discover_packages(recursive) discover
[0.539s] INFO:colcon.colcon_core.package_discovery:Crawling recursively for packages in '/home/mike/dev_ws/src/my_package'
[0.539s] Level 1:colcon.colcon_core.package_identification:_identify(.) by extensions ['ignore', 'ignore_ament_install']
[0.539s] Level 1:colcon.colcon_core.package_identification:_identify(.) by extension 'ignore'
[0.539s] Level 1:colcon.colcon_core.package_identification:_identify(.) by extension 'ignore_ament_install'
[0.539s] Level 1:colcon.colcon_core.package_identification:_identify(.) by extensions ['colcon_pkg']
[0.539s] Level 1:colcon.colcon_core.package_identification:_identify(.) by extension 'colcon_pkg'
[0.539s] Level 1:colcon.colcon_core.package_identification:_identify(.) by extensions ['colcon_meta']
[0.539s] Level 1:colcon.colcon_core.package_identification:_identify(.) by extension 'colcon_meta'
[0.539s] Level 1:colcon.colcon_core.package_identification:_identify(.) by extensions ['ros']
[0.539s] Level 1:colcon.colcon_core.package_identification:_identify(.) by extension 'ros'
[0.547s] DEBUG:colcon.colcon_core.package_identification:Package '.' with type 'ros.ament_cmake' and name 'my_package'
[0.547s] Level 1:colcon.colcon_core.package_discovery:discover_packages(recursive) using defaults
[0.547s] Level 1:colcon.colcon_core.package_discovery:discover_packages(ignore) discover
[0.547s] Level 1:colcon.colcon_core.package_discovery:discover_packages(ignore) using defaults
[0.547s] Level 1:colcon.colcon_core.package_discovery:discover_packages(path) discover
[0.547s] Level 1:colcon.colcon_core.package_discovery:discover_packages(path) using defaults
[0.588s] Level 1:colcon.colcon_core.package_discovery:discover_packages(prefix_path) check parameters
[0.588s] Level 1:colcon.colcon_core.package_discovery:discover_packages(prefix_path) discover
[0.601s] DEBUG:colcon.colcon_installed_package_information.package_discovery:Found 281 installed packages in /opt/ros/iron
[0.601s] Level 1:colcon.colcon_core.package_discovery:discover_packages(prefix_path) using defaults
[0.637s] Level 5:colcon.colcon_core.verb:set package 'my_package' build argument 'cmake_args' from command line to 'None'
[0.637s] Level 5:colcon.colcon_core.verb:set package 'my_package' build argument 'cmake_target' from command line to 'None'
[0.637s] Level 5:colcon.colcon_core.verb:set package 'my_package' build argument 'cmake_target_skip_unavailable' from command line to 'False'
[0.637s] Level 5:colcon.colcon_core.verb:set package 'my_package' build argument 'cmake_clean_cache' from command line to 'False'
[0.637s] Level 5:colcon.colcon_core.verb:set package 'my_package' build argument 'cmake_clean_first' from command line to 'False'
[0.637s] Level 5:colcon.colcon_core.verb:set package 'my_package' build argument 'cmake_force_configure' from command line to 'False'
[0.637s] Level 5:colcon.colcon_core.verb:set package 'my_package' build argument 'ament_cmake_args' from command line to 'None'
[0.637s] Level 5:colcon.colcon_core.verb:set package 'my_package' build argument 'catkin_cmake_args' from command line to 'None'
[0.637s] Level 5:colcon.colcon_core.verb:set package 'my_package' build argument 'catkin_skip_building_tests' from command line to 'False'
[0.637s] DEBUG:colcon.colcon_core.verb:Building package 'my_package' with the following arguments: {'ament_cmake_args': None, 'build_base': '/home/mike/dev_ws/src/my_package/build/my_package', 'catkin_cmake_args': None, 'catkin_skip_building_tests': False, 'cmake_args': None, 'cmake_clean_cache': False, 'cmake_clean_first': False, 'cmake_force_configure': False, 'cmake_target': None, 'cmake_target_skip_unavailable': False, 'install_base': '/home/mike/dev_ws/src/my_package/install/my_package', 'merge_install': False, 'path': '/home/mike/dev_ws/src/my_package', 'symlink_install': True, 'test_result_base': None}
[0.642s] INFO:colcon.colcon_core.executor:Executing jobs using 'parallel' executor
[0.648s] DEBUG:colcon.colcon_parallel_executor.executor.parallel:run_until_complete
[0.648s] INFO:colcon.colcon_ros.task.ament_cmake.build:Building ROS package in '/home/mike/dev_ws/src/my_package' with build type 'ament_cmake'
[0.648s] INFO:colcon.colcon_cmake.task.cmake.build:Building CMake package in '/home/mike/dev_ws/src/my_package'
[0.661s] INFO:colcon.colcon_core.plugin_system:Skipping extension 'colcon_core.shell.bat': Not used on non-Windows systems
[0.661s] INFO:colcon.colcon_core.shell:Skip shell extension 'powershell' for command environment: Not usable outside of PowerShell
[0.661s] DEBUG:colcon.colcon_core.shell:Skip shell extension 'dsv' for command environment
[0.675s] DEBUG:colcon.colcon_core.event_handler.log_command:Invoking command in '/home/mike/dev_ws/src/my_package/build/my_package': CMAKE_PREFIX_PATH=/opt/ros/iron /usr/bin/cmake /home/mike/dev_ws/src/my_package -DAMENT_CMAKE_SYMLINK_INSTALL=1 -DCMAKE_INSTALL_PREFIX=/home/mike/dev_ws/src/my_package/install/my_package
[1.232s] DEBUG:colcon.colcon_core.event_handler.log_command:Invoked command in '/home/mike/dev_ws/src/my_package/build/my_package' returned '0': CMAKE_PREFIX_PATH=/opt/ros/iron /usr/bin/cmake /home/mike/dev_ws/src/my_package -DAMENT_CMAKE_SYMLINK_INSTALL=1 -DCMAKE_INSTALL_PREFIX=/home/mike/dev_ws/src/my_package/install/my_package
[1.232s] DEBUG:colcon.colcon_core.event_handler.log_command:Invoking command in '/home/mike/dev_ws/src/my_package/build/my_package': CMAKE_PREFIX_PATH=/opt/ros/iron /usr/bin/cmake --build /home/mike/dev_ws/src/my_package/build/my_package -- -j24 -l24
[1.253s] DEBUG:colcon.colcon_core.event_handler.log_command:Invoked command in '/home/mike/dev_ws/src/my_package/build/my_package' returned '0': CMAKE_PREFIX_PATH=/opt/ros/iron /usr/bin/cmake --build /home/mike/dev_ws/src/my_package/build/my_package -- -j24 -l24
[1.279s] DEBUG:colcon.colcon_core.event_handler.log_command:Invoking command in '/home/mike/dev_ws/src/my_package/build/my_package': CMAKE_PREFIX_PATH=/opt/ros/iron /usr/bin/cmake --install /home/mike/dev_ws/src/my_package/build/my_package
[1.390s] Level 1:colcon.colcon_core.environment:create_environment_scripts_only(my_package)
[1.391s] DEBUG:colcon.colcon_core.event_handler.log_command:Invoked command in '/home/mike/dev_ws/src/my_package/build/my_package' returned '0': CMAKE_PREFIX_PATH=/opt/ros/iron /usr/bin/cmake --install /home/mike/dev_ws/src/my_package/build/my_package
[1.409s] Level 1:colcon.colcon_core.environment:checking '/home/mike/dev_ws/src/my_package/install/my_package' for CMake module files
[1.410s] Level 1:colcon.colcon_core.environment:checking '/home/mike/dev_ws/src/my_package/install/my_package' for CMake config files
[1.410s] Level 1:colcon.colcon_core.shell:create_environment_hook('my_package', 'cmake_prefix_path')
[1.419s] INFO:colcon.colcon_core.shell:Creating environment hook '/home/mike/dev_ws/src/my_package/install/my_package/share/my_package/hook/cmake_prefix_path.ps1'
[1.419s] INFO:colcon.colcon_core.shell:Creating environment descriptor '/home/mike/dev_ws/src/my_package/install/my_package/share/my_package/hook/cmake_prefix_path.dsv'
[1.419s] INFO:colcon.colcon_core.shell:Creating environment hook '/home/mike/dev_ws/src/my_package/install/my_package/share/my_package/hook/cmake_prefix_path.sh'
[1.420s] Level 1:colcon.colcon_core.environment:checking '/home/mike/dev_ws/src/my_package/install/my_package/bin'
[1.420s] Level 1:colcon.colcon_core.environment:checking '/home/mike/dev_ws/src/my_package/install/my_package/lib/pkgconfig/my_package.pc'
[1.420s] Level 1:colcon.colcon_core.environment:checking '/home/mike/dev_ws/src/my_package/install/my_package/lib/python3.10/site-packages'
[1.420s] Level 1:colcon.colcon_core.environment:checking '/home/mike/dev_ws/src/my_package/install/my_package/bin'
[1.427s] INFO:colcon.colcon_core.shell:Creating package script '/home/mike/dev_ws/src/my_package/install/my_package/share/my_package/package.ps1'
[1.427s] INFO:colcon.colcon_core.shell:Creating package descriptor '/home/mike/dev_ws/src/my_package/install/my_package/share/my_package/package.dsv'
[1.428s] INFO:colcon.colcon_core.shell:Creating package script '/home/mike/dev_ws/src/my_package/install/my_package/share/my_package/package.sh'
[1.428s] INFO:colcon.colcon_core.shell:Creating package script '/home/mike/dev_ws/src/my_package/install/my_package/share/my_package/package.bash'
[1.429s] INFO:colcon.colcon_core.shell:Creating package script '/home/mike/dev_ws/src/my_package/install/my_package/share/my_package/package.zsh'
[1.429s] Level 1:colcon.colcon_core.environment:create_file_with_runtime_dependencies(/home/mike/dev_ws/src/my_package/install/my_package/share/colcon-core/packages/my_package)
[1.448s] Level 1:colcon.colcon_core.environment:create_environment_scripts_only(my_package)
[1.457s] Level 1:colcon.colcon_core.environment:checking '/home/mike/dev_ws/src/my_package/install/my_package' for CMake module files
[1.457s] Level 1:colcon.colcon_core.environment:checking '/home/mike/dev_ws/src/my_package/install/my_package' for CMake config files
[1.457s] Level 1:colcon.colcon_core.shell:create_environment_hook('my_package', 'cmake_prefix_path')
[1.462s] INFO:colcon.colcon_core.shell:Creating environment hook '/home/mike/dev_ws/src/my_package/install/my_package/share/my_package/hook/cmake_prefix_path.ps1'
[1.462s] INFO:colcon.colcon_core.shell:Creating environment descriptor '/home/mike/dev_ws/src/my_package/install/my_package/share/my_package/hook/cmake_prefix_path.dsv'
[1.463s] INFO:colcon.colcon_core.shell:Creating environment hook '/home/mike/dev_ws/src/my_package/install/my_package/share/my_package/hook/cmake_prefix_path.sh'
[1.463s] Level 1:colcon.colcon_core.environment:checking '/home/mike/dev_ws/src/my_package/install/my_package/bin'
[1.463s] Level 1:colcon.colcon_core.environment:checking '/home/mike/dev_ws/src/my_package/install/my_package/lib/pkgconfig/my_package.pc'
[1.463s] Level 1:colcon.colcon_core.environment:checking '/home/mike/dev_ws/src/my_package/install/my_package/lib/python3.10/site-packages'
[1.463s] Level 1:colcon.colcon_core.environment:checking '/home/mike/dev_ws/src/my_package/install/my_package/bin'
[1.468s] INFO:colcon.colcon_core.shell:Creating package script '/home/mike/dev_ws/src/my_package/install/my_package/share/my_package/package.ps1'
[1.468s] INFO:colcon.colcon_core.shell:Creating package descriptor '/home/mike/dev_ws/src/my_package/install/my_package/share/my_package/package.dsv'
[1.469s] INFO:colcon.colcon_core.shell:Creating package script '/home/mike/dev_ws/src/my_package/install/my_package/share/my_package/package.sh'
[1.469s] INFO:colcon.colcon_core.shell:Creating package script '/home/mike/dev_ws/src/my_package/install/my_package/share/my_package/package.bash'
[1.469s] INFO:colcon.colcon_core.shell:Creating package script '/home/mike/dev_ws/src/my_package/install/my_package/share/my_package/package.zsh'
[1.469s] Level 1:colcon.colcon_core.environment:create_file_with_runtime_dependencies(/home/mike/dev_ws/src/my_package/install/my_package/share/colcon-core/packages/my_package)
[1.469s] DEBUG:colcon.colcon_parallel_executor.executor.parallel:closing loop
[1.469s] DEBUG:colcon.colcon_parallel_executor.executor.parallel:loop closed
[1.469s] DEBUG:colcon.colcon_parallel_executor.executor.parallel:run_until_complete finished with '0'
[1.470s] DEBUG:colcon.colcon_core.event_reactor:joining thread
[1.478s] INFO:colcon.colcon_core.plugin_system:Skipping extension 'colcon_notification.desktop_notification.terminal_notifier': Not used on non-Darwin systems
[1.478s] INFO:colcon.colcon_core.plugin_system:Skipping extension 'colcon_notification.desktop_notification.win32': Not used on non-Windows systems
[1.478s] INFO:colcon.colcon_notification.desktop_notification:Sending desktop notification using 'notify2'
[1.495s] DEBUG:colcon.colcon_core.event_reactor:joined thread
[1.504s] INFO:colcon.colcon_core.shell:Creating prefix script '/home/mike/dev_ws/src/my_package/install/local_setup.ps1'
[1.504s] INFO:colcon.colcon_core.shell:Creating prefix util module '/home/mike/dev_ws/src/my_package/install/_local_setup_util_ps1.py'
[1.505s] INFO:colcon.colcon_core.shell:Creating prefix chain script '/home/mike/dev_ws/src/my_package/install/setup.ps1'
[1.512s] INFO:colcon.colcon_core.shell:Creating prefix script '/home/mike/dev_ws/src/my_package/install/local_setup.sh'
[1.513s] INFO:colcon.colcon_core.shell:Creating prefix util module '/home/mike/dev_ws/src/my_package/install/_local_setup_util_sh.py'
[1.513s] INFO:colcon.colcon_core.shell:Creating prefix chain script '/home/mike/dev_ws/src/my_package/install/setup.sh'
[1.520s] INFO:colcon.colcon_core.shell:Creating prefix script '/home/mike/dev_ws/src/my_package/install/local_setup.bash'
[1.520s] INFO:colcon.colcon_core.shell:Creating prefix chain script '/home/mike/dev_ws/src/my_package/install/setup.bash'
[1.527s] INFO:colcon.colcon_core.shell:Creating prefix script '/home/mike/dev_ws/src/my_package/install/local_setup.zsh'
[1.527s] INFO:colcon.colcon_core.shell:Creating prefix chain script '/home/mike/dev_ws/src/my_package/install/setup.zsh'
